<?xml version="1.0" encoding="UTF-8"?>
<!-- Generated by org.testng.reporters.JUnitXMLReporter -->
<testsuite ignored="6" hostname="LAPTOP-NAINA" failures="0" tests="1" name="Etsy Web Automation" time="5.569" errors="0" timestamp="2022-07-19T16:02:48 EDT">
  <testcase classname="configuration.common.WebTestBase" name="@BeforeMethod setup" time="5.507">
    <failure type="java.lang.IllegalStateException" message="The path to the driver executable The path to the driver executable must be set by the webdriver.chrome.driver system property; for more information, see https://chromedriver.chromium.org/. The latest version can be downloaded from https://chromedriver.chromium.org/downloads">
      <![CDATA[java.lang.IllegalStateException: The path to the driver executable The path to the driver executable must be set by the webdriver.chrome.driver system property; for more information, see https://chromedriver.chromium.org/. The latest version can be downloaded from https://chromedriver.chromium.org/downloads
at org.openqa.selenium.internal.Require$StateChecker.nonNull(Require.java:311)
at org.openqa.selenium.remote.service.DriverService.findExecutable(DriverService.java:135)
at org.openqa.selenium.chrome.ChromeDriverService.access$000(ChromeDriverService.java:39)
at org.openqa.selenium.chrome.ChromeDriverService$Builder.findDefaultExecutable(ChromeDriverService.java:233)
at org.openqa.selenium.remote.service.DriverService$Builder.build(DriverService.java:437)
at org.openqa.selenium.chrome.ChromeDriverService.createDefaultService(ChromeDriverService.java:128)
at org.openqa.selenium.chrome.ChromeDriver.<init>(ChromeDriver.java:49)
at configuration.common.WebTestBase.setup(WebTestBase.java:52)
at java.base/java.util.ArrayList.forEach(ArrayList.java:1541)
... Removed 35 stack frames]]>
    </failure>
  </testcase> <!-- @BeforeMethod setup -->
  <testcase classname="com.etsy.testPages.homePageTest.HomePageTest2" name="@BeforeMethod getInit" time="0.0">
    <skipped/>
  </testcase> <!-- @BeforeMethod getInit -->
  <testcase classname="configuration.common.WebTestBase" name="@AfterMethod tearDownAutomation" time="0.0">
    <skipped/>
  </testcase> <!-- @AfterMethod tearDownAutomation -->
  <testcase classname="configuration.common.WebTestBase" name="@AfterTest tearDownAutomationMessage" time="0.0">
    <skipped/>
  </testcase> <!-- @AfterTest tearDownAutomationMessage -->
  <testcase classname="com.etsy.testPages.homePageTest.HomePageTest2" name="verifySearchProductUsingInvalidProduct" time="0.0">
    <skipped/>
  </testcase> <!-- verifySearchProductUsingInvalidProduct -->
  <testcase classname="com.etsy.testPages.homePageTest.HomePageTest2" name="verifyFrenchLanguageSettingsChanged" time="0.0">
    <ignored/>
  </testcase> <!-- verifyFrenchLanguageSettingsChanged -->
  <testcase classname="com.etsy.testPages.homePageTest.HomePageTest2" name="verifyPolishLanguageSettingsChanged" time="0.0">
    <ignored/>
  </testcase> <!-- verifyPolishLanguageSettingsChanged -->
  <testcase classname="com.etsy.testPages.homePageTest.HomePageTest2" name="verifyFreeShippingFilterWorks" time="0.0">
    <ignored/>
  </testcase> <!-- verifyFreeShippingFilterWorks -->
  <testcase classname="com.etsy.testPages.homePageTest.HomePageTest2" name="verifyChineseLanguageSettingsChanged" time="0.0">
    <ignored/>
  </testcase> <!-- verifyChineseLanguageSettingsChanged -->
  <testcase classname="com.etsy.testPages.homePageTest.HomePageTest2" name="verifyUnregisteredUserSignedIn" time="0.0">
    <ignored/>
  </testcase> <!-- verifyUnregisteredUserSignedIn -->
  <testcase classname="com.etsy.testPages.homePageTest.HomePageTest2" name="verifyRegisteredUserSignedIn" time="0.0">
    <ignored/>
  </testcase> <!-- verifyRegisteredUserSignedIn -->
</testsuite> <!-- Etsy Web Automation -->
