<!DOCTYPE html PUBLIC "-//W3C//DTD XHTML 1.1//EN" "https://www.w3.org/TR/xhtml11/DTD/xhtml11.dtd">
<html xmlns="https://www.w3.org/1999/xhtml">
<head>
<meta http-equiv="content-type" content="text/html; charset=UTF-8"/>
<title>TestNG Report</title>
<style type="text/css">table {margin-bottom:10px;border-collapse:collapse;empty-cells:show}th,td {border:1px solid #009;padding:.25em .5em}th {vertical-align:bottom}td {vertical-align:top}table a {font-weight:bold}.stripe td {background-color: #E6EBF9}.num {text-align:right}.passedodd td {background-color: #3F3}.passedeven td {background-color: #0A0}.skippedodd td {background-color: #DDD}.skippedeven td {background-color: #CCC}.failedodd td,.attn {background-color: #F33}.failedeven td,.stripe .attn {background-color: #D00}.stacktrace {white-space:pre;font-family:monospace}.totop {font-size:85%;text-align:center;border-bottom:2px solid #000}.invisible {display:none}</style>
</head>
<body>
<table>
<tr><th>Test</th><th># Passed</th><th># Skipped</th><th># Retried</th><th># Failed</th><th>Time (ms)</th><th>Included Groups</th><th>Excluded Groups</th></tr>
<tr><th colspan="8">Etsy Test Suite</th></tr>
<tr><td><a href="#t0">Etsy Web Automation</a></td><td class="num">0</td><td class="num attn">1</td><td class="num">0</td><td class="num">0</td><td class="num">5,569</td><td></td><td></td></tr>
</table>
<table id='summary'><thead><tr><th>Class</th><th>Method</th><th>Start</th><th>Time (ms)</th></tr></thead><tbody><tr><th colspan="4">Etsy Test Suite</th></tr></tbody><tbody id="t0"><tr><th colspan="4">Etsy Web Automation &#8212; failed (configuration methods)</th></tr><tr class="failedeven"><td rowspan="1">com.etsy.testPages.homePageTest.HomePageTest2</td><td><a href="#m0">setup</a></td><td rowspan="1">1658260963262</td><td rowspan="1">5507</td></tr><tr><th colspan="4">Etsy Web Automation &#8212; skipped (configuration methods)</th></tr><tr class="skippedeven"><td rowspan="3">com.etsy.testPages.homePageTest.HomePageTest2</td><td><a href="#m1">getInit</a></td><td rowspan="1">1658260968771</td><td rowspan="1">0</td></tr><tr class="skippedeven"><td><a href="#m2">tearDownAutomation</a></td><td rowspan="1">1658260968771</td><td rowspan="1">0</td></tr><tr class="skippedeven"><td><a href="#m3">tearDownAutomationMessage</a></td><td rowspan="1">1658260968771</td><td rowspan="1">0</td></tr><tr><th colspan="4">Etsy Web Automation &#8212; skipped</th></tr><tr class="skippedeven"><td rowspan="1">com.etsy.testPages.homePageTest.HomePageTest2</td><td><a href="#m4">verifySearchProductUsingInvalidProduct</a></td><td rowspan="1">1658260968771</td><td rowspan="1">0</td></tr></tbody>
</table>
<h2>Etsy Web Automation</h2><h3 id="m0">com.etsy.testPages.homePageTest.HomePageTest2#setup</h3><table class="result"><tr class="param"><th>Parameter #1</th><th>Parameter #2</th><th>Parameter #3</th><th>Parameter #4</th><th>Parameter #5</th><th>Parameter #6</th><th>Parameter #7</th></tr><tr class="param stripe"><td>true</td><td>browserStack</td><td>windows</td><td>10</td><td>chrome</td><td>103</td><td>https://www.etsy.com/</td></tr><tr><th colspan="7">Messages</th></tr><tr><td colspan="7"><div class="messages">Browser: chrome<br/>URL: https://www.etsy.com/</div></td></tr><tr><th colspan="7">Exception</th></tr><tr><td colspan="7"><div class="stacktrace">java.lang.IllegalStateException: The path to the driver executable The path to the driver executable must be set by the webdriver.chrome.driver system property; for more information, see https://chromedriver.chromium.org/. The latest version can be downloaded from https://chromedriver.chromium.org/downloads
	at org.openqa.selenium.internal.Require$StateChecker.nonNull(Require.java:311)
	at org.openqa.selenium.remote.service.DriverService.findExecutable(DriverService.java:135)
	at org.openqa.selenium.chrome.ChromeDriverService.access$000(ChromeDriverService.java:39)
	at org.openqa.selenium.chrome.ChromeDriverService$Builder.findDefaultExecutable(ChromeDriverService.java:233)
	at org.openqa.selenium.remote.service.DriverService$Builder.build(DriverService.java:437)
	at org.openqa.selenium.chrome.ChromeDriverService.createDefaultService(ChromeDriverService.java:128)
	at org.openqa.selenium.chrome.ChromeDriver.&lt;init&gt;(ChromeDriver.java:49)
	at configuration.common.WebTestBase.setup(WebTestBase.java:52)
	at java.base/java.util.ArrayList.forEach(ArrayList.java:1541)
... Removed 35 stack frames</div></td></tr></table><p class="totop"><a href="#summary">back to summary</a></p>
<h3 id="m1">com.etsy.testPages.homePageTest.HomePageTest2#getInit</h3><table class="result"><tr><th class="invisible"/></tr></table><p class="totop"><a href="#summary">back to summary</a></p>
<h3 id="m2">com.etsy.testPages.homePageTest.HomePageTest2#tearDownAutomation</h3><table class="result"><tr><th class="invisible"/></tr></table><p class="totop"><a href="#summary">back to summary</a></p>
<h3 id="m3">com.etsy.testPages.homePageTest.HomePageTest2#tearDownAutomationMessage</h3><table class="result"><tr><th class="invisible"/></tr></table><p class="totop"><a href="#summary">back to summary</a></p>
<h3 id="m4">com.etsy.testPages.homePageTest.HomePageTest2#verifySearchProductUsingInvalidProduct</h3><table class="result"><tr><th>Exception</th></tr><tr><td><div class="stacktrace">java.lang.IllegalStateException: The path to the driver executable The path to the driver executable must be set by the webdriver.chrome.driver system property; for more information, see https://chromedriver.chromium.org/. The latest version can be downloaded from https://chromedriver.chromium.org/downloads
	at org.openqa.selenium.internal.Require$StateChecker.nonNull(Require.java:311)
	at org.openqa.selenium.remote.service.DriverService.findExecutable(DriverService.java:135)
	at org.openqa.selenium.chrome.ChromeDriverService.access$000(ChromeDriverService.java:39)
	at org.openqa.selenium.chrome.ChromeDriverService$Builder.findDefaultExecutable(ChromeDriverService.java:233)
	at org.openqa.selenium.remote.service.DriverService$Builder.build(DriverService.java:437)
	at org.openqa.selenium.chrome.ChromeDriverService.createDefaultService(ChromeDriverService.java:128)
	at org.openqa.selenium.chrome.ChromeDriver.&lt;init&gt;(ChromeDriver.java:49)
	at configuration.common.WebTestBase.setup(WebTestBase.java:52)
	at java.base/java.util.ArrayList.forEach(ArrayList.java:1541)
... Removed 35 stack frames</div></td></tr></table><p class="totop"><a href="#summary">back to summary</a></p>
</body>
</html>
